<?xml version="1.0" encoding="UTF-8"?>
<testsuite name="ParserTest" tests="1" skipped="0" failures="0" errors="0" timestamp="2024-04-25T07:17:17" hostname="DESKTOP-75KRCSF" time="0.569">
  <properties/>
  <testcase name="testSortByName()" classname="ParserTest" time="0.569"/>
  <system-out><![CDATA[Name: Andorra Population: 84000 Area: 468.0
Name: United Arab Emirates Population: 4975593 Area: 82880.0
Name: Afghanistan Population: 29121286 Area: 647500.0
Name: Antigua and Barbuda Population: 86754 Area: 443.0
Name: Anguilla Population: 13254 Area: 102.0
Name: Albania Population: 2986952 Area: 28748.0
Name: Armenia Population: 2968000 Area: 29800.0
Name: Angola Population: 13068161 Area: 1246700.0
Name: Antarctica Population: 0 Area: 1.4E7
Name: Argentina Population: 41343201 Area: 2766890.0
Name: American Samoa Population: 57881 Area: 199.0
Name: Austria Population: 8205000 Area: 83858.0
Name: Australia Population: 21515754 Area: 7686850.0
Name: Aruba Population: 71566 Area: 193.0
Name: ?land Population: 26711 Area: 1580.0
Name: Azerbaijan Population: 8303512 Area: 86600.0
Name: Bosnia and Herzegovina Population: 4590000 Area: 51129.0
Name: Barbados Population: 285653 Area: 431.0
Name: Bangladesh Population: 156118464 Area: 144000.0
Name: Belgium Population: 10403000 Area: 30510.0
Name: Burkina Faso Population: 16241811 Area: 274200.0
Name: Bulgaria Population: 7148785 Area: 110910.0
Name: Bahrain Population: 738004 Area: 665.0
Name: Burundi Population: 9863117 Area: 27830.0
Name: Benin Population: 9056010 Area: 112620.0
Name: Saint Barthélemy Population: 8450 Area: 21.0
Name: Bermuda Population: 65365 Area: 53.0
Name: Brunei Population: 395027 Area: 5770.0
Name: Bolivia Population: 9947418 Area: 1098580.0
Name: Bonaire Population: 18012 Area: 328.0
Name: Brazil Population: 201103330 Area: 8511965.0
Name: Bahamas Population: 301790 Area: 13940.0
Name: Bhutan Population: 699847 Area: 47000.0
Name: Bouvet Island Population: 0 Area: 49.0
Name: Botswana Population: 2029307 Area: 600370.0
Name: Belarus Population: 9685000 Area: 207600.0
Name: Belize Population: 314522 Area: 22966.0
Name: Canada Population: 33679000 Area: 9984670.0
Name: Cocos [Keeling] Islands Population: 628 Area: 14.0
Name: Democratic Republic of the Congo Population: 70916439 Area: 2345410.0
Name: Central African Republic Population: 4844927 Area: 622984.0
Name: Republic of the Congo Population: 3039126 Area: 342000.0
Name: Switzerland Population: 7581000 Area: 41290.0
Name: Ivory Coast Population: 21058798 Area: 322460.0
Name: Cook Islands Population: 21388 Area: 240.0
Name: Chile Population: 16746491 Area: 756950.0
Name: Cameroon Population: 19294149 Area: 475440.0
Name: China Population: 1330044000 Area: 9596960.0
Name: Colombia Population: 47790000 Area: 1138910.0
Name: Costa Rica Population: 4516220 Area: 51100.0
Name: Cuba Population: 11423000 Area: 110860.0
Name: Cape Verde Population: 508659 Area: 4033.0
Name: Curacao Population: 141766 Area: 444.0
Name: Christmas Island Population: 1500 Area: 135.0
Name: Cyprus Population: 1102677 Area: 9250.0
Name: Czech Republic Population: 10476000 Area: 78866.0
Name: Germany Population: 81802257 Area: 357021.0
Name: Djibouti Population: 740528 Area: 23000.0
Name: Denmark Population: 5484000 Area: 43094.0
Name: Dominica Population: 72813 Area: 754.0
Name: Dominican Republic Population: 9823821 Area: 48730.0
Name: Algeria Population: 34586184 Area: 2381740.0
Name: Ecuador Population: 14790608 Area: 283560.0
Name: Estonia Population: 1291170 Area: 45226.0
Name: Egypt Population: 80471869 Area: 1001450.0
Name: Western Sahara Population: 273008 Area: 266000.0
Name: Eritrea Population: 5792984 Area: 121320.0
Name: Spain Population: 46505963 Area: 504782.0
Name: Ethiopia Population: 88013491 Area: 1127127.0
Name: Finland Population: 5244000 Area: 337030.0
Name: Fiji Population: 875983 Area: 18270.0
Name: Falkland Islands Population: 2638 Area: 12173.0
Name: Micronesia Population: 107708 Area: 702.0
Name: Faroe Islands Population: 48228 Area: 1399.0
Name: France Population: 64768389 Area: 547030.0
Name: Gabon Population: 1545255 Area: 267667.0
Name: United Kingdom Population: 62348447 Area: 244820.0
Name: Grenada Population: 107818 Area: 344.0
Name: Georgia Population: 4630000 Area: 69700.0
Name: French Guiana Population: 195506 Area: 91000.0
Name: Guernsey Population: 65228 Area: 78.0
Name: Ghana Population: 24339838 Area: 239460.0
Name: Gibraltar Population: 27884 Area: 6.5
Name: Greenland Population: 56375 Area: 2166086.0
Name: Gambia Population: 1593256 Area: 11300.0
Name: Guinea Population: 10324025 Area: 245857.0
Name: Guadeloupe Population: 443000 Area: 1780.0
Name: Equatorial Guinea Population: 1014999 Area: 28051.0
Name: Greece Population: 11000000 Area: 131940.0
Name: South Georgia and the South Sandwich Islands Population: 30 Area: 3903.0
Name: Guatemala Population: 13550440 Area: 108890.0
Name: Guam Population: 159358 Area: 549.0
Name: Guinea-Bissau Population: 1565126 Area: 36120.0
Name: Guyana Population: 748486 Area: 214970.0
Name: Hong Kong Population: 6898686 Area: 1092.0
Name: Heard Island and McDonald Islands Population: 0 Area: 412.0
Name: Honduras Population: 7989415 Area: 112090.0
Name: Croatia Population: 4491000 Area: 56542.0
Name: Haiti Population: 9648924 Area: 27750.0
Name: Hungary Population: 9982000 Area: 93030.0
Name: Indonesia Population: 242968342 Area: 1919440.0
Name: Ireland Population: 4622917 Area: 70280.0
Name: Israel Population: 7353985 Area: 20770.0
Name: Isle of Man Population: 75049 Area: 572.0
Name: India Population: 1173108018 Area: 3287590.0
Name: British Indian Ocean Territory Population: 4000 Area: 60.0
Name: Iraq Population: 29671605 Area: 437072.0
Name: Iran Population: 76923300 Area: 1648000.0
Name: Iceland Population: 308910 Area: 103000.0
Name: Italy Population: 60340328 Area: 301230.0
Name: Jersey Population: 90812 Area: 116.0
Name: Jamaica Population: 2847232 Area: 10991.0
Name: Jordan Population: 6407085 Area: 92300.0
Name: Japan Population: 127288000 Area: 377835.0
Name: Kenya Population: 40046566 Area: 582650.0
Name: Kyrgyzstan Population: 5776500 Area: 198500.0
Name: Cambodia Population: 14453680 Area: 181040.0
Name: Kiribati Population: 92533 Area: 811.0
Name: Comoros Population: 773407 Area: 2170.0
Name: Saint Kitts and Nevis Population: 51134 Area: 261.0
Name: North Korea Population: 22912177 Area: 120540.0
Name: South Korea Population: 48422644 Area: 98480.0
Name: Kuwait Population: 2789132 Area: 17820.0
Name: Cayman Islands Population: 44270 Area: 262.0
Name: Kazakhstan Population: 15340000 Area: 2717300.0
Name: Laos Population: 6368162 Area: 236800.0
Name: Lebanon Population: 4125247 Area: 10400.0
Name: Saint Lucia Population: 160922 Area: 616.0
Name: Liechtenstein Population: 35000 Area: 160.0
Name: Sri Lanka Population: 21513990 Area: 65610.0
Name: Liberia Population: 3685076 Area: 111370.0
Name: Lesotho Population: 1919552 Area: 30355.0
Name: Lithuania Population: 2944459 Area: 65200.0
Name: Luxembourg Population: 497538 Area: 2586.0
Name: Latvia Population: 2217969 Area: 64589.0
Name: Libya Population: 6461454 Area: 1759540.0
Name: Morocco Population: 31627428 Area: 446550.0
Name: Monaco Population: 32965 Area: 1.95
Name: Moldova Population: 4324000 Area: 33843.0
Name: Montenegro Population: 666730 Area: 14026.0
Name: Saint Martin Population: 35925 Area: 53.0
Name: Madagascar Population: 21281844 Area: 587040.0
Name: Marshall Islands Population: 65859 Area: 181.3
Name: Macedonia Population: 2062294 Area: 25333.0
Name: Mali Population: 13796354 Area: 1240000.0
Name: Myanmar [Burma] Population: 53414374 Area: 678500.0
Name: Mongolia Population: 3086918 Area: 1565000.0
Name: Macao Population: 449198 Area: 254.0
Name: Northern Mariana Islands Population: 53883 Area: 477.0
Name: Martinique Population: 432900 Area: 1100.0
Name: Mauritania Population: 3205060 Area: 1030700.0
Name: Montserrat Population: 9341 Area: 102.0
Name: Malta Population: 403000 Area: 316.0
Name: Mauritius Population: 1294104 Area: 2040.0
Name: Maldives Population: 395650 Area: 300.0
Name: Malawi Population: 15447500 Area: 118480.0
Name: Mexico Population: 112468855 Area: 1972550.0
Name: Malaysia Population: 28274729 Area: 329750.0
Name: Mozambique Population: 22061451 Area: 801590.0
Name: Namibia Population: 2128471 Area: 825418.0
Name: New Caledonia Population: 216494 Area: 19060.0
Name: Niger Population: 15878271 Area: 1267000.0
Name: Norfolk Island Population: 1828 Area: 34.6
Name: Nigeria Population: 154000000 Area: 923768.0
Name: Nicaragua Population: 5995928 Area: 129494.0
Name: Netherlands Population: 16645000 Area: 41526.0
Name: Norway Population: 5009150 Area: 324220.0
Name: Nepal Population: 28951852 Area: 140800.0
Name: Nauru Population: 10065 Area: 21.0
Name: Niue Population: 2166 Area: 260.0
Name: New Zealand Population: 4252277 Area: 268680.0
Name: Oman Population: 2967717 Area: 212460.0
Name: Panama Population: 3410676 Area: 78200.0
Name: Peru Population: 29907003 Area: 1285220.0
Name: French Polynesia Population: 270485 Area: 4167.0
Name: Papua New Guinea Population: 6064515 Area: 462840.0
Name: Philippines Population: 99900177 Area: 300000.0
Name: Pakistan Population: 184404791 Area: 803940.0
Name: Poland Population: 38500000 Area: 312685.0
Name: Saint Pierre and Miquelon Population: 7012 Area: 242.0
Name: Pitcairn Islands Population: 46 Area: 47.0
Name: Puerto Rico Population: 3916632 Area: 9104.0
Name: Palestine Population: 3800000 Area: 5970.0
Name: Portugal Population: 10676000 Area: 92391.0
Name: Palau Population: 19907 Area: 458.0
Name: Paraguay Population: 6375830 Area: 406750.0
Name: Qatar Population: 840926 Area: 11437.0
Name: Réunion Population: 776948 Area: 2517.0
Name: Romania Population: 21959278 Area: 237500.0
Name: Serbia Population: 7344847 Area: 88361.0
Name: Russia Population: 140702000 Area: 1.71E7
Name: Rwanda Population: 11055976 Area: 26338.0
Name: Saudi Arabia Population: 25731776 Area: 1960582.0
Name: Solomon Islands Population: 559198 Area: 28450.0
Name: Seychelles Population: 88340 Area: 455.0
Name: Sudan Population: 35000000 Area: 1861484.0
Name: Sweden Population: 9828655 Area: 449964.0
Name: Singapore Population: 4701069 Area: 692.7
Name: Saint Helena Population: 7460 Area: 410.0
Name: Slovenia Population: 2007000 Area: 20273.0
Name: Svalbard and Jan Mayen Population: 2550 Area: 62049.0
Name: Slovakia Population: 5455000 Area: 48845.0
Name: Sierra Leone Population: 5245695 Area: 71740.0
Name: San Marino Population: 31477 Area: 61.2
Name: Senegal Population: 12323252 Area: 196190.0
Name: Somalia Population: 10112453 Area: 637657.0
Name: Suriname Population: 492829 Area: 163270.0
Name: South Sudan Population: 8260490 Area: 644329.0
Name: S?o Tomé and Pr?ncipe Population: 175808 Area: 1001.0
Name: El Salvador Population: 6052064 Area: 21040.0
Name: Sint Maarten Population: 37429 Area: 21.0
Name: Syria Population: 22198110 Area: 185180.0
Name: Swaziland Population: 1354051 Area: 17363.0
Name: Turks and Caicos Islands Population: 20556 Area: 430.0
Name: Chad Population: 10543464 Area: 1284000.0
Name: French Southern Territories Population: 140 Area: 7829.0
Name: Togo Population: 6587239 Area: 56785.0
Name: Thailand Population: 67089500 Area: 514000.0
Name: Tajikistan Population: 7487489 Area: 143100.0
Name: Tokelau Population: 1466 Area: 10.0
Name: East Timor Population: 1154625 Area: 15007.0
Name: Turkmenistan Population: 4940916 Area: 488100.0
Name: Tunisia Population: 10589025 Area: 163610.0
Name: Tonga Population: 122580 Area: 748.0
Name: Turkey Population: 77804122 Area: 780580.0
Name: Trinidad and Tobago Population: 1228691 Area: 5128.0
Name: Tuvalu Population: 10472 Area: 26.0
Name: Taiwan Population: 22894384 Area: 35980.0
Name: Tanzania Population: 41892895 Area: 945087.0
Name: Ukraine Population: 45415596 Area: 603700.0
Name: Uganda Population: 33398682 Area: 236040.0
Name: U.S. Minor Outlying Islands Population: 0 Area: 0.0
Name: United States Population: 310232863 Area: 9629091.0
Name: Uruguay Population: 3477000 Area: 176220.0
Name: Uzbekistan Population: 27865738 Area: 447400.0
Name: Vatican City Population: 921 Area: 0.44
Name: Saint Vincent and the Grenadines Population: 104217 Area: 389.0
Name: Venezuela Population: 27223228 Area: 912050.0
Name: British Virgin Islands Population: 21730 Area: 153.0
Name: U.S. Virgin Islands Population: 108708 Area: 352.0
Name: Vietnam Population: 89571130 Area: 329560.0
Name: Vanuatu Population: 221552 Area: 12200.0
Name: Wallis and Futuna Population: 16025 Area: 274.0
Name: Samoa Population: 192001 Area: 2944.0
Name: Kosovo Population: 1800000 Area: 10908.0
Name: Yemen Population: 23495361 Area: 527970.0
Name: Mayotte Population: 159042 Area: 374.0
Name: South Africa Population: 49000000 Area: 1219912.0
Name: Zambia Population: 13460305 Area: 752614.0
Name: Zimbabwe Population: 11651858 Area: 390580.0
]]></system-out>
  <system-err><![CDATA[]]></system-err>
</testsuite>
