<?xml version="1.0" encoding="UTF-8"?>
<testsuite name="ParserTest" tests="3" skipped="0" failures="0" errors="0" timestamp="2024-04-24T15:57:59" hostname="DESKTOP-NP922PB" time="0.218">
  <properties/>
  <testcase name="testSortByArea()" classname="ParserTest" time="0.1"/>
  <testcase name="testSortByName()" classname="ParserTest" time="0.051"/>
  <testcase name="testSortByPopulation()" classname="ParserTest" time="0.049"/>
  <system-out><![CDATA[]]></system-out>
  <system-err><![CDATA[]]></system-err>
</testsuite>
