<?xml version="1.0" encoding="UTF-8"?>
<testsuite name="ParserTest" tests="3" skipped="0" failures="0" errors="0" timestamp="2024-04-24T14:59:37" hostname="DESKTOP-NP922PB" time="0.12">
  <properties/>
  <testcase name="testSortByArea()" classname="ParserTest" time="0.065"/>
  <testcase name="testSortByName()" classname="ParserTest" time="0.022"/>
  <testcase name="testSortByPopulation()" classname="ParserTest" time="0.026"/>
  <system-out><![CDATA[]]></system-out>
  <system-err><![CDATA[]]></system-err>
</testsuite>
