<?xml version="1.0" encoding="UTF-8"?>
<testsuite name="ParserTest" tests="3" skipped="0" failures="0" errors="0" timestamp="2024-04-23T12:29:30" hostname="DESKTOP-PK0DFB9" time="0.015">
  <properties/>
  <testcase name="testSortByArea()" classname="ParserTest" time="0.012"/>
  <testcase name="testSortByName()" classname="ParserTest" time="0.001"/>
  <testcase name="testSortByPopulation()" classname="ParserTest" time="0.001"/>
  <system-out><![CDATA[]]></system-out>
  <system-err><![CDATA[]]></system-err>
</testsuite>
